<?xml version="1.0" encoding="UTF-8"?>
<!-- Generated by org.testng.reporters.JUnitXMLReporter -->
<testsuite hostname="Ismail-Mac" tests="6" failures="0" timestamp="18 Oct 2016 21:15:49 GMT" time="82.588" errors="0">
  <testcase name="filter_Search_Results" time="7.814" classname="SearchFunction"/>
  <testcase name="search_For_NonExist_Value" time="4.041" classname="SearchFunction"/>
  <testcase name="search_Happy_Scenario" time="4.167" classname="SearchFunction"/>
  <testcase name="search_Long_Term" time="2.192" classname="SearchFunction"/>
  <testcase name="search_Results_Pagination" time="10.277" classname="SearchFunction"/>
  <testcase name="sort_Search_Results" time="7.402" classname="SearchFunction"/>
</testsuite>
